<?xml version="1.0" encoding="UTF-8"?>
<!-- Generated by org.testng.reporters.JUnitReportReporter -->
<testsuite hostname="MSI" failures="0" tests="5" name="com.automation.testcases.ExamplePriorityAndDepenedencyTest" time="0.072" errors="0" timestamp="2023-05-08T08:06:04 IST" skipped="0">
  <testcase classname="com.automation.testcases.ExamplePriorityAndDepenedencyTest" name="test5" time="0.004"/>
  <system-out/>
  <testcase classname="com.automation.testcases.ExamplePriorityAndDepenedencyTest" name="test1" time="0.062"/>
  <system-out/>
  <testcase classname="com.automation.testcases.ExamplePriorityAndDepenedencyTest" name="test2" time="0.001"/>
  <system-out/>
  <testcase classname="com.automation.testcases.ExamplePriorityAndDepenedencyTest" name="test3" time="0.001"/>
  <system-out/>
  <testcase classname="com.automation.testcases.ExamplePriorityAndDepenedencyTest" name="test4" time="0.004"/>
  <system-out/>
</testsuite> <!-- com.automation.testcases.ExamplePriorityAndDepenedencyTest -->
