<?xml version="1.0" encoding="UTF-8"?>
<!-- Generated by org.testng.reporters.JUnitReportReporter -->
<testsuite hostname="MSI" failures="0" tests="3" name="com.automation.testcases.LoginTest" time="0.002" errors="0" timestamp="2023-05-04T08:56:35 IST" skipped="0">
  <testcase classname="com.automation.testcases.LoginTest" name="verifyUserCannotLoginWithInvalidCredentials" time="0.001"/>
  <system-out/>
  <testcase classname="com.automation.testcases.LoginTest" name="verifyUserCanResetPassword" time="0.000"/>
  <system-out/>
  <testcase classname="com.automation.testcases.LoginTest" name="verifyUserCanLogin" time="0.001"/>
  <system-out/>
</testsuite> <!-- com.automation.testcases.LoginTest -->
