<?xml version="1.0" encoding="UTF-8"?>
<!-- Generated by org.testng.reporters.JUnitReportReporter -->
<testsuite hostname="MSI" failures="0" tests="3" name="com.automation.testcases.CartPageTest" time="0.003" errors="0" timestamp="2023-05-04T08:56:35 IST" skipped="0">
  <testcase classname="com.automation.testcases.CartPageTest" name="verifyUserCanChangeQuantityOfItem" time="0.001"/>
  <system-out/>
  <testcase classname="com.automation.testcases.CartPageTest" name="verifyUserCanRemoveItemFromCart" time="0.000"/>
  <system-out/>
  <testcase classname="com.automation.testcases.CartPageTest" name="verifyUserCanAddProductToCart" time="0.002"/>
  <system-out/>
</testsuite> <!-- com.automation.testcases.CartPageTest -->
